2025-11-21 22:06:04 | INFO | Configuration loaded successfully
2025-11-21 22:06:04 | INFO | Device: cuda
2025-11-21 22:06:04 | INFO | Random seed: 42
2025-11-21 22:06:11 | INFO | Loading dataset...
2025-11-21 22:06:12 | INFO | Dataset loaded: 83448 rows, 2 columns
2025-11-21 22:06:28 | INFO | Starting data preprocessing...
2025-11-21 22:06:28 | INFO | Dataset shape before preprocessing: (83448, 2)
2025-11-21 22:06:28 | INFO | Dataset is clean, no preprocessing needed
2025-11-21 22:06:28 | INFO | Final dataset shape: (83448, 2)
2025-11-21 22:06:28 | INFO | Splitting dataset into train/val/test...
2025-11-21 22:06:28 | INFO | Train set: 66758 samples
2025-11-21 22:06:28 | INFO | Validation set: 8345 samples
2025-11-21 22:06:28 | INFO | Test set: 8345 samples
2025-11-21 22:06:51 | INFO | Starting model training loop...
2025-11-21 22:06:51 | INFO | ============================================================
2025-11-21 22:06:51 | INFO | Training: google_electra-base-discriminator_r4
2025-11-21 22:06:51 | INFO | ============================================================
2025-11-21 22:06:51 | INFO | Starting training: google_electra-base-discriminator_r4
2025-11-21 22:06:52 | INFO | Model loaded: ./local_models/google_electra-base-discriminator with LoRA rank=4, alpha=8
2025-11-21 22:06:52 | INFO | Epoch 1/5
2025-11-21 23:17:07 | INFO | Train Loss: 0.1122 | Train Acc: 0.9563 | Train F1: 0.9583
2025-11-21 23:17:07 | INFO | Val Loss: 0.0313 | Val Acc: 0.9910 | Val F1: 0.9915
2025-11-21 23:17:07 | INFO | Saved best model: google_electra-base-discriminator_r4_epoch1_val_loss_0.0313
2025-11-21 23:17:07 | INFO | Epoch 2/5
2025-11-21 23:22:41 | INFO | Configuration loaded successfully
2025-11-21 23:22:41 | INFO | Device: cuda
2025-11-21 23:22:41 | INFO | Random seed: 42
2025-11-21 23:22:45 | INFO | Loading dataset...
2025-11-21 23:22:46 | INFO | Dataset loaded: 83448 rows, 2 columns
2025-11-21 23:23:04 | INFO | Starting data preprocessing...
2025-11-21 23:23:04 | INFO | Dataset shape before preprocessing: (83448, 2)
2025-11-21 23:23:04 | INFO | Dataset is clean, no preprocessing needed
2025-11-21 23:23:04 | INFO | Final dataset shape: (83448, 2)
2025-11-21 23:23:04 | INFO | Splitting dataset into train/val/test...
2025-11-21 23:23:04 | INFO | Train set: 66758 samples
2025-11-21 23:23:04 | INFO | Validation set: 8345 samples
2025-11-21 23:23:04 | INFO | Test set: 8345 samples
2025-11-21 23:23:09 | INFO | Starting model training loop...
2025-11-21 23:23:09 | INFO | ============================================================
2025-11-21 23:23:09 | INFO | Training: google_electra-base-discriminator_r4
2025-11-21 23:23:09 | INFO | ============================================================
2025-11-21 23:23:09 | INFO | Starting training: google_electra-base-discriminator_r4
2025-11-21 23:23:10 | INFO | Model loaded: ./local_models/google_electra-base-discriminator with LoRA rank=4, alpha=8
2025-11-21 23:23:10 | INFO | Epoch 1/3
2025-11-21 23:30:29 | INFO | Configuration loaded successfully
2025-11-21 23:30:29 | INFO | Device: cuda
2025-11-21 23:30:29 | INFO | Random seed: 42
2025-11-21 23:30:32 | INFO | Loading dataset...
2025-11-21 23:30:33 | INFO | Dataset loaded: 83448 rows, 2 columns
2025-11-21 23:30:45 | INFO | Starting data preprocessing...
2025-11-21 23:30:45 | INFO | Dataset shape before preprocessing: (83448, 2)
2025-11-21 23:30:45 | INFO | Dataset is clean, no preprocessing needed
2025-11-21 23:30:45 | INFO | Final dataset shape: (83448, 2)
2025-11-21 23:30:45 | INFO | Splitting dataset into train/val/test...
2025-11-21 23:30:45 | INFO | Train set: 66758 samples
2025-11-21 23:30:45 | INFO | Validation set: 8345 samples
2025-11-21 23:30:45 | INFO | Test set: 8345 samples
2025-11-21 23:30:48 | INFO | Starting model training loop...
2025-11-21 23:30:48 | INFO | ============================================================
2025-11-21 23:30:48 | INFO | Training: google_electra-base-discriminator_r4
2025-11-21 23:30:48 | INFO | ============================================================
2025-11-21 23:30:48 | INFO | Starting training: google_electra-base-discriminator_r4
2025-11-21 23:30:49 | INFO | Model loaded: ./local_models/google_electra-base-discriminator with LoRA rank=4, alpha=8
2025-11-21 23:30:49 | INFO | Epoch 1/2
2025-11-22 00:41:05 | INFO | Train Loss: 0.0882 | Train Acc: 0.9670 | Train F1: 0.9687
2025-11-22 00:41:05 | INFO | Val Loss: 0.0296 | Val Acc: 0.9921 | Val F1: 0.9925
2025-11-22 00:41:05 | INFO | Saved best model: google_electra-base-discriminator_r4_epoch1_val_loss_0.0296
2025-11-22 00:41:05 | INFO | Epoch 2/2
2025-11-22 01:51:21 | INFO | Train Loss: 0.0228 | Train Acc: 0.9942 | Train F1: 0.9945
2025-11-22 01:51:21 | INFO | Val Loss: 0.0304 | Val Acc: 0.9921 | Val F1: 0.9925
2025-11-22 01:51:21 | INFO | No improvement. Patience: 1/2
2025-11-22 01:51:21 | INFO | Training completed for google_electra-base-discriminator_r4 in 140.54 minutes
2025-11-22 01:51:21 | INFO | Successfully completed training for google_electra-base-discriminator_r4
2025-11-22 01:51:21 | INFO | ============================================================
2025-11-22 01:51:21 | INFO | Training: google_electra-base-discriminator_r8
2025-11-22 01:51:21 | INFO | ============================================================
2025-11-22 01:51:21 | INFO | Starting training: google_electra-base-discriminator_r8
2025-11-22 01:51:21 | INFO | Model loaded: ./local_models/google_electra-base-discriminator with LoRA rank=8, alpha=16
2025-11-22 01:51:21 | INFO | Epoch 1/2
2025-11-22 03:01:30 | INFO | Train Loss: 0.0845 | Train Acc: 0.9685 | Train F1: 0.9701
2025-11-22 03:01:30 | INFO | Val Loss: 0.0277 | Val Acc: 0.9919 | Val F1: 0.9922
2025-11-22 03:01:30 | INFO | Saved best model: google_electra-base-discriminator_r8_epoch1_val_loss_0.0277
2025-11-22 03:01:30 | INFO | Epoch 2/2
2025-11-22 04:11:38 | INFO | Train Loss: 0.0204 | Train Acc: 0.9949 | Train F1: 0.9951
2025-11-22 04:11:38 | INFO | Val Loss: 0.0285 | Val Acc: 0.9927 | Val F1: 0.9930
2025-11-22 04:11:38 | INFO | No improvement. Patience: 1/2
2025-11-22 04:11:38 | INFO | Training completed for google_electra-base-discriminator_r8 in 140.28 minutes
2025-11-22 04:11:38 | INFO | Successfully completed training for google_electra-base-discriminator_r8
2025-11-22 04:11:38 | INFO | ============================================================
2025-11-22 04:11:38 | INFO | Training: FacebookAI_roberta-base_r4
2025-11-22 04:11:38 | INFO | ============================================================
2025-11-22 04:11:38 | INFO | Starting training: FacebookAI_roberta-base_r4
2025-11-22 04:11:38 | INFO | Model loaded: ./local_models/FacebookAI_roberta-base with LoRA rank=4, alpha=8
2025-11-22 04:11:38 | INFO | Epoch 1/2
2025-11-22 08:43:55 | INFO | Train Loss: 0.0912 | Train Acc: 0.9659 | Train F1: 0.9680
2025-11-22 08:43:55 | INFO | Val Loss: 0.0278 | Val Acc: 0.9921 | Val F1: 0.9925
2025-11-22 08:43:55 | INFO | Saved best model: FacebookAI_roberta-base_r4_epoch1_val_loss_0.0278
2025-11-22 08:43:55 | INFO | Epoch 2/2
2025-11-22 13:16:14 | INFO | Train Loss: 0.0229 | Train Acc: 0.9938 | Train F1: 0.9941
2025-11-22 13:16:14 | INFO | Val Loss: 0.0314 | Val Acc: 0.9920 | Val F1: 0.9924
2025-11-22 13:16:14 | INFO | No improvement. Patience: 1/2
2025-11-22 13:16:14 | INFO | Training completed for FacebookAI_roberta-base_r4 in 544.60 minutes
2025-11-22 13:16:14 | INFO | Successfully completed training for FacebookAI_roberta-base_r4
2025-11-22 13:16:14 | INFO | ============================================================
2025-11-22 13:16:14 | INFO | Training: FacebookAI_roberta-base_r8
2025-11-22 13:16:14 | INFO | ============================================================
2025-11-22 13:16:14 | INFO | Starting training: FacebookAI_roberta-base_r8
2025-11-22 13:16:14 | INFO | Model loaded: ./local_models/FacebookAI_roberta-base with LoRA rank=8, alpha=16
2025-11-22 13:16:14 | INFO | Epoch 1/2
2025-11-22 17:48:41 | INFO | Train Loss: 0.0888 | Train Acc: 0.9668 | Train F1: 0.9686
2025-11-22 17:48:41 | INFO | Val Loss: 0.0340 | Val Acc: 0.9914 | Val F1: 0.9918
2025-11-22 17:48:41 | INFO | Saved best model: FacebookAI_roberta-base_r8_epoch1_val_loss_0.0340
2025-11-22 17:48:41 | INFO | Epoch 2/2
2025-11-22 22:21:09 | INFO | Train Loss: 0.0203 | Train Acc: 0.9949 | Train F1: 0.9952
2025-11-22 22:21:09 | INFO | Val Loss: 0.0301 | Val Acc: 0.9930 | Val F1: 0.9934
2025-11-22 22:21:09 | INFO | Saved best model: FacebookAI_roberta-base_r8_epoch2_val_loss_0.0301
2025-11-22 22:21:09 | INFO | Training completed for FacebookAI_roberta-base_r8 in 544.92 minutes
2025-11-22 22:21:09 | INFO | Successfully completed training for FacebookAI_roberta-base_r8
2025-11-22 22:21:09 | INFO | ============================================================
2025-11-22 22:21:09 | INFO | All model training completed!
2025-11-22 22:21:09 | INFO | ============================================================
2025-11-22 22:21:57 | INFO | Evaluating all models on test set...
2025-11-22 22:21:57 | INFO | Evaluating google_electra-base-discriminator_r4...
2025-11-22 22:25:35 | INFO | google_electra-base-discriminator_r4 - Acc: 0.9939, Prec: 0.9945, Rec: 0.9939, F1: 0.9942, ROC-AUC: 0.9993
2025-11-22 22:25:35 | INFO | Evaluating google_electra-base-discriminator_r8...
2025-11-22 22:29:13 | INFO | google_electra-base-discriminator_r8 - Acc: 0.9935, Prec: 0.9952, Rec: 0.9925, F1: 0.9938, ROC-AUC: 0.9993
2025-11-22 22:29:13 | INFO | Evaluating FacebookAI_roberta-base_r4...
2025-11-22 22:38:36 | INFO | FacebookAI_roberta-base_r4 - Acc: 0.9941, Prec: 0.9950, Rec: 0.9939, F1: 0.9944, ROC-AUC: 0.9990
2025-11-22 22:38:36 | INFO | Evaluating FacebookAI_roberta-base_r8...
2025-11-22 22:48:00 | INFO | FacebookAI_roberta-base_r8 - Acc: 0.9945, Prec: 0.9952, Rec: 0.9943, F1: 0.9948, ROC-AUC: 0.9989
2025-11-22 22:48:00 | INFO | Saved evaluation results to model_comparison.csv
2025-11-22 22:48:00 | INFO | Creating individual evaluation visualizations...
2025-11-22 22:48:02 | INFO | Saved plot: visualizations/results/google_electra-base-discriminator_r4_evaluation.png
2025-11-22 22:48:03 | INFO | Saved plot: visualizations/results/google_electra-base-discriminator_r8_evaluation.png
2025-11-22 22:48:04 | INFO | Saved plot: visualizations/results/FacebookAI_roberta-base_r4_evaluation.png
2025-11-22 22:48:05 | INFO | Saved plot: visualizations/results/FacebookAI_roberta-base_r8_evaluation.png
2025-11-22 22:48:05 | INFO | Creating comparison visualizations...
2025-11-22 22:48:06 | INFO | Saved plot: visualizations/results/metrics_comparison.png
2025-11-22 22:48:07 | INFO | Saved plot: visualizations/results/roc_curves_comparison.png
2025-11-22 22:48:07 | INFO | Saved plot: visualizations/results/pr_curves_comparison.png
2025-11-22 22:48:07 | INFO | Performing LoRA ablation analysis...
2025-11-22 22:52:25 | INFO | Performing LoRA ablation analysis...
2025-11-22 22:52:26 | INFO | Saved plot: visualizations/results/lora_ablation_analysis.png
